<?xml version="1.0" encoding="UTF-8"?>
<!-- Generated by org.testng.reporters.JUnitReportReporter -->
<testsuite hostname="LAPTOP-7QPC96OE" failures="0" tests="3" name="SamplePackageForTestNg.CreateContactBYTESTNG" time="36.733" errors="0" timestamp="2022-07-07T10:39:18 IST" skipped="0">
  <testcase classname="SamplePackageForTestNg.CreateContactBYTESTNG" name="createContactTest" time="11.580"/>
  <system-out/>
  <testcase classname="SamplePackageForTestNg.CreateContactBYTESTNG" name="createContactTest" time="12.340"/>
  <system-out/>
  <testcase classname="SamplePackageForTestNg.CreateContactBYTESTNG" name="createContactTest" time="12.813"/>
  <system-out/>
</testsuite> <!-- SamplePackageForTestNg.CreateContactBYTESTNG -->
