<?xml version="1.0" encoding="UTF-8"?>
<!-- Generated by org.testng.reporters.JUnitReportReporter -->
<testsuite hostname="LAPTOP-7QPC96OE" failures="0" tests="1" name="SamplePackageForTestNg.CreateAndValidateCampaign" time="16.863" errors="0" timestamp="2022-07-07T15:33:48 IST" skipped="0">
  <testcase classname="SamplePackageForTestNg.CreateAndValidateCampaign" name="validateCampaign" time="16.863"/>
  <system-out/>
</testsuite> <!-- SamplePackageForTestNg.CreateAndValidateCampaign -->
