<?xml version="1.0" encoding="UTF-8"?>
<!-- Generated by org.testng.reporters.JUnitReportReporter -->
<testsuite hostname="LAPTOP-7QPC96OE" failures="0" tests="1" name="SamplePackageForTestNg.CampaignTestNgPractice" time="17.449" errors="0" timestamp="2022-07-08T10:19:12 IST" skipped="0">
  <testcase classname="SamplePackageForTestNg.CampaignTestNgPractice" name="createCampaign" time="17.449"/>
  <system-out/>
</testsuite> <!-- SamplePackageForTestNg.CampaignTestNgPractice -->
