<?xml version="1.0" encoding="UTF-8"?>
<!-- Generated by org.testng.reporters.JUnitReportReporter -->
<testsuite hostname="LAPTOP-7QPC96OE" failures="0" tests="3" name="practice.DataProviderTest" time="0.009" errors="0" timestamp="2022-07-05T12:35:33 IST" skipped="0">
  <testcase classname="practice.DataProviderTest" name="bookTicket" time="0.000"/>
  <system-out/>
  <testcase classname="practice.DataProviderTest" name="bookTicket" time="0.001"/>
  <system-out/>
  <testcase classname="practice.DataProviderTest" name="bookTicket" time="0.008"/>
  <system-out/>
</testsuite> <!-- practice.DataProviderTest -->
