<?xml version="1.0" encoding="UTF-8"?>
<!-- Generated by org.testng.reporters.JUnitReportReporter -->
<testsuite hostname="LAPTOP-7QPC96OE" failures="0" tests="3" name="practice.CreateContactBYTESTNG" time="47.162" errors="0" timestamp="2022-07-05T11:55:21 IST" skipped="0">
  <testcase classname="practice.CreateContactBYTESTNG" name="createContactTest" time="16.614"/>
  <system-out/>
  <testcase classname="practice.CreateContactBYTESTNG" name="createContactTest" time="15.280"/>
  <system-out/>
  <testcase classname="practice.CreateContactBYTESTNG" name="createContactTest" time="15.268"/>
  <system-out/>
</testsuite> <!-- practice.CreateContactBYTESTNG -->
