<?xml version="1.0" encoding="UTF-8"?>
<!-- Generated by org.testng.reporters.JUnitReportReporter -->
<testsuite skipped="0" hostname="LAPTOP-7QPC96OE" name="crm.com.uae.ContactsTest.CreateandDeleteContactByPOM" tests="2" failures="0" timestamp="2022-07-14T11:19:48 IST" time="33.802" errors="0">
  <testcase name="createAndDeleteContact" time="16.846" classname="crm.com.uae.ContactsTest.CreateandDeleteContactByPOM"/>
  <system-out/>
  <testcase name="createAndDeleteContact" time="16.956" classname="crm.com.uae.ContactsTest.CreateandDeleteContactByPOM"/>
  <system-out/>
</testsuite> <!-- crm.com.uae.ContactsTest.CreateandDeleteContactByPOM -->
