<?xml version="1.0" encoding="UTF-8"?>
<!-- Generated by org.testng.reporters.JUnitReportReporter -->
<testsuite hostname="LAPTOP-7QPC96OE" failures="0" tests="2" name="SamplePackageForTestNg.CreateOrganization" time="35.925" errors="0" timestamp="2022-07-05T19:24:35 IST" skipped="0">
  <testcase classname="SamplePackageForTestNg.CreateOrganization" name="deleteOrganizationName" time="19.426"/>
  <system-out/>
  <testcase classname="SamplePackageForTestNg.CreateOrganization" name="organizationCreatedWithMandatoryField" time="16.499"/>
  <system-out/>
</testsuite> <!-- SamplePackageForTestNg.CreateOrganization -->
