<?xml version="1.0" encoding="UTF-8"?>
<!-- Generated by org.testng.reporters.JUnitReportReporter -->
<testsuite skipped="0" hostname="LAPTOP-7QPC96OE" name="SamplePackageForTestNg.CreateContact" tests="1" failures="0" timestamp="2022-07-14T13:24:52 IST" time="18.402" errors="0">
  <testcase name="createContactTest" time="18.402" classname="SamplePackageForTestNg.CreateContact"/>
  <system-out/>
</testsuite> <!-- SamplePackageForTestNg.CreateContact -->
