<?xml version="1.0" encoding="UTF-8"?>
<!-- Generated by org.testng.reporters.JUnitReportReporter -->
<testsuite hostname="LAPTOP-7QPC96OE" failures="0" tests="4" name="SamplePackageForTestNg.ContactTest" time="30.341" errors="0" timestamp="2022-07-08T16:01:12 IST" skipped="0">
  <testcase classname="SamplePackageForTestNg.ContactTest" name="clickOnCreateImage" time="6.936"/>
  <system-out/>
  <testcase classname="SamplePackageForTestNg.ContactTest" name="selectOrganizationInNewWindow" time="7.158"/>
  <system-out/>
  <testcase classname="SamplePackageForTestNg.ContactTest" name="clickOnLookImage" time="8.989"/>
  <system-out/>
  <testcase classname="SamplePackageForTestNg.ContactTest" name="createContactWithLastName" time="7.258"/>
  <system-out/>
</testsuite> <!-- SamplePackageForTestNg.ContactTest -->
