<?xml version="1.0" encoding="UTF-8"?>
<!-- Generated by org.testng.reporters.JUnitReportReporter -->
<testsuite hostname="LAPTOP-7QPC96OE" failures="0" tests="3" name="SamplePackageForTestNg.TestNgPractice" time="83.931" errors="0" timestamp="2022-07-05T16:46:20 IST" skipped="0">
  <testcase classname="SamplePackageForTestNg.TestNgPractice" name="createCampaign" time="31.977"/>
  <system-out/>
  <testcase classname="SamplePackageForTestNg.TestNgPractice" name="createCampaign" time="26.971"/>
  <system-out/>
  <testcase classname="SamplePackageForTestNg.TestNgPractice" name="createCampaign" time="24.983"/>
  <system-out/>
</testsuite> <!-- SamplePackageForTestNg.TestNgPractice -->
