<?xml version="1.0" encoding="UTF-8"?>
<!-- Generated by org.testng.reporters.JUnitReportReporter -->
<testsuite skipped="0" hostname="LAPTOP-7QPC96OE" name="MyPractice.CreateandDeleteContactByPOM" tests="2" failures="0" timestamp="2022-07-14T12:49:59 IST" time="34.867" errors="0">
  <testcase name="createAndDeleteContact" time="16.643" classname="MyPractice.CreateandDeleteContactByPOM"/>
  <system-out/>
  <testcase name="createAndDeleteContact" time="18.224" classname="MyPractice.CreateandDeleteContactByPOM"/>
  <system-out/>
</testsuite> <!-- MyPractice.CreateandDeleteContactByPOM -->
