<?xml version="1.0" encoding="UTF-8"?>
<!-- Generated by org.testng.reporters.JUnitReportReporter -->
<testsuite hostname="LAPTOP-7QPC96OE" failures="0" tests="5" name="practice.DataProviderPractice" time="0.009" errors="0" timestamp="2022-07-05T12:22:16 IST" skipped="0">
  <testcase classname="practice.DataProviderPractice" name="bookTicket" time="0.001"/>
  <system-out/>
  <testcase classname="practice.DataProviderPractice" name="bookTicket" time="0.000"/>
  <system-out/>
  <testcase classname="practice.DataProviderPractice" name="bookTicket" time="0.001"/>
  <system-out/>
  <testcase classname="practice.DataProviderPractice" name="bookTicket" time="0.000"/>
  <system-out/>
  <testcase classname="practice.DataProviderPractice" name="bookTicket" time="0.007"/>
  <system-out/>
</testsuite> <!-- practice.DataProviderPractice -->
