<?xml version="1.0" encoding="UTF-8"?>
<!-- Generated by org.testng.reporters.JUnitReportReporter -->
<testsuite hostname="LAPTOP-7QPC96OE" failures="0" tests="3" name="practice.DataProviderPractice1" time="0.006" errors="0" timestamp="2022-07-05T12:51:53 IST" skipped="0">
  <testcase classname="practice.DataProviderPractice1" name="dataProviderTest" time="0.001"/>
  <system-out/>
  <testcase classname="practice.DataProviderPractice1" name="dataProviderTest" time="0.001"/>
  <system-out/>
  <testcase classname="practice.DataProviderPractice1" name="dataProviderTest" time="0.004"/>
  <system-out/>
</testsuite> <!-- practice.DataProviderPractice1 -->
